<?xml version="1.0" encoding="UTF-8"?>
<!-- Generated by org.testng.reporters.JUnitReportReporter -->
<testsuite hostname="LAPTOP-M1AL4EC6" failures="0" tests="1" name="practice.ValidateData" time="0.090" errors="0" timestamp="30 Oct 2018 13:42:05 GMT" skipped="0">
  <testcase classname="practice.ValidateData" name="validation" time="0.090"/>
</testsuite> <!-- practice.ValidateData -->
