<?xml version="1.0" encoding="UTF-8"?>
<!-- Generated by org.testng.reporters.JUnitReportReporter -->
<testsuite hostname="LAPTOP-M1AL4EC6" failures="0" tests="2" name="practice.HomePage" time="15.843" errors="0" timestamp="30 Oct 2018 13:42:05 GMT" skipped="0">
  <testcase classname="practice.HomePage" name="login" time="13.546"/>
  <testcase classname="practice.HomePage" name="username" time="2.297"/>
</testsuite> <!-- practice.HomePage -->
